
2018-1-11 22:03:11

Operating System
  Name                        = Mac OS X
  Version                     = 10.13.2
  Architecture                = 64bit
  # CPUs                      = 8
  Memory                      = 34359738368

Node.js
  Node.js Version             = 8.9.1
  npm Version                 = 5.5.1

Titanium CLI
  CLI Version                 = 5.0.14

Titanium SDK
  SDK Version                 = 6.3.0.GA
  SDK Path                    = /Users/kyleborg/Library/Application Support/Titanium/mobilesdk/osx/6.3.0.GA
  Target Platform             = android

Command
  /usr/local/bin/node /Users/kyleborg/.appcelerator/install/7.0.1/package/node_modules/titanium/lib/titanium.js build --platform android --log-level trace --sdk 6.3.0.GA --project-dir /Users/kyleborg/Documents/BiggyTV/Development/GitHub/Titanium_4/BTV-Android-2018 --target emulator --android-sdk  --device-id Nexus_5X_API_24_86_64_7.0 --skip-js-minify --liveview --deploy-type development --no-colors --no-progress-bars --no-prompt --prompt-type socket-bundle --prompt-port 51259 --config-file /var/folders/b_/q7kqhlxc8xjd4c001s7hm98h0000gp/T/build-1515736989901.json --no-banner --project-dir /Users/kyleborg/Documents/BiggyTV/Development/GitHub/Titanium_4/BTV-Android-2018

[DEBUG]  Detecting modules in /Users/kyleborg/Library/Application Support/Titanium/modules
[DEBUG]  Detected android module: analytics.google 3.1.0 @ /Users/kyleborg/Library/Application Support/Titanium/modules/android/analytics.google/3.1.0
[DEBUG]  Detected android module: com.mirasense.scanditsdk 4.3.0 @ /Users/kyleborg/Library/Application Support/Titanium/modules/android/com.mirasense.scanditsdk/4.3.0
[DEBUG]  Detected android module: com.ti.facebook 3.23.01 @ /Users/kyleborg/Library/Application Support/Titanium/modules/android/com.ti.facebook/3.23.01
[DEBUG]  Detected android module: com.woohoo.androidaudiostreamer 1.7.1 @ /Users/kyleborg/Library/Application Support/Titanium/modules/android/com.woohoo.androidaudiostreamer/1.7.1
[DEBUG]  Detected android module: facebook 3.0.2 @ /Users/kyleborg/Library/Application Support/Titanium/modules/android/facebook/3.0.2
[DEBUG]  Detected android module: facebook 3.0.3 @ /Users/kyleborg/Library/Application Support/Titanium/modules/android/facebook/3.0.3
[DEBUG]  Detected android module: facebook 4.0.3 @ /Users/kyleborg/Library/Application Support/Titanium/modules/android/facebook/4.0.3
[DEBUG]  Detected android module: facebook 4.0.5 @ /Users/kyleborg/Library/Application Support/Titanium/modules/android/facebook/4.0.5
[DEBUG]  Detected android module: facebook 5.0.0 @ /Users/kyleborg/Library/Application Support/Titanium/modules/android/facebook/5.0.0
[DEBUG]  Detected android module: facebook 5.2.0 @ /Users/kyleborg/Library/Application Support/Titanium/modules/android/facebook/5.2.0
[DEBUG]  Detected android module: facebook 6.0.1 @ /Users/kyleborg/Library/Application Support/Titanium/modules/android/facebook/6.0.1
[DEBUG]  Detected android module: facebook 6.1.0 @ /Users/kyleborg/Library/Application Support/Titanium/modules/android/facebook/6.1.0
[DEBUG]  Detected android module: facebook 6.2.0 @ /Users/kyleborg/Library/Application Support/Titanium/modules/android/facebook/6.2.0
[DEBUG]  Detected android module: facebook 7.0.0 @ /Users/kyleborg/Library/Application Support/Titanium/modules/android/facebook/7.0.0
[DEBUG]  Detected android module: hyperloop 1.2.8 @ /Users/kyleborg/Library/Application Support/Titanium/modules/android/hyperloop/1.2.8
[DEBUG]  Detected android module: hyperloop 2.1.3 @ /Users/kyleborg/Library/Application Support/Titanium/modules/android/hyperloop/2.1.3
[DEBUG]  Detected android module: hyperloop 2.2.2 @ /Users/kyleborg/Library/Application Support/Titanium/modules/android/hyperloop/2.2.2
[DEBUG]  Detected android module: hyperloop 2.2.3 @ /Users/kyleborg/Library/Application Support/Titanium/modules/android/hyperloop/2.2.3
[DEBUG]  Detected android module: hyperloop 3.0.1 @ /Users/kyleborg/Library/Application Support/Titanium/modules/android/hyperloop/3.0.1
[DEBUG]  Detected android module: ti.admob 2.1.2 @ /Users/kyleborg/Library/Application Support/Titanium/modules/android/ti.admob/2.1.2
[DEBUG]  Detected android module: ti.admob 3.0.2 @ /Users/kyleborg/Library/Application Support/Titanium/modules/android/ti.admob/3.0.2
[DEBUG]  Detected android module: ti.admob 3.1.0 @ /Users/kyleborg/Library/Application Support/Titanium/modules/android/ti.admob/3.1.0
[DEBUG]  Detected android module: ti.cloudpush 3.2.1 @ /Users/kyleborg/Library/Application Support/Titanium/modules/android/ti.cloudpush/3.2.1
[DEBUG]  Detected android module: ti.cloudpush 3.3.0 @ /Users/kyleborg/Library/Application Support/Titanium/modules/android/ti.cloudpush/3.3.0
[DEBUG]  Detected android module: ti.cloudpush 3.3.4 @ /Users/kyleborg/Library/Application Support/Titanium/modules/android/ti.cloudpush/3.3.4
[DEBUG]  Detected android module: ti.cloudpush 3.3.7 @ /Users/kyleborg/Library/Application Support/Titanium/modules/android/ti.cloudpush/3.3.7
[DEBUG]  Detected android module: ti.cloudpush 3.3.8 @ /Users/kyleborg/Library/Application Support/Titanium/modules/android/ti.cloudpush/3.3.8
[DEBUG]  Detected android module: ti.cloudpush 3.4.0 @ /Users/kyleborg/Library/Application Support/Titanium/modules/android/ti.cloudpush/3.4.0
[DEBUG]  Detected android module: ti.cloudpush 3.4.1 @ /Users/kyleborg/Library/Application Support/Titanium/modules/android/ti.cloudpush/3.4.1
[DEBUG]  Detected android module: ti.cloudpush 4.0.3 @ /Users/kyleborg/Library/Application Support/Titanium/modules/android/ti.cloudpush/4.0.3
[DEBUG]  Detected android module: ti.cloudpush 4.0.4 @ /Users/kyleborg/Library/Application Support/Titanium/modules/android/ti.cloudpush/4.0.4
[DEBUG]  Detected android module: ti.cloudpush 5.0.0 @ /Users/kyleborg/Library/Application Support/Titanium/modules/android/ti.cloudpush/5.0.0
[DEBUG]  Detected android module: ti.cloudpush 5.0.1 @ /Users/kyleborg/Library/Application Support/Titanium/modules/android/ti.cloudpush/5.0.1
[DEBUG]  Detected android module: ti.ga 3.0.0 @ /Users/kyleborg/Library/Application Support/Titanium/modules/android/ti.ga/3.0.0
[DEBUG]  Detected android module: ti.ga 3.0.7 @ /Users/kyleborg/Library/Application Support/Titanium/modules/android/ti.ga/3.0.7
[DEBUG]  Detected android module: ti.googleanalytics 1.2 @ /Users/kyleborg/Library/Application Support/Titanium/modules/android/ti.googleanalytics/1.2
[DEBUG]  Detected android module: ti.identity 1.0.0 @ /Users/kyleborg/Library/Application Support/Titanium/modules/android/ti.identity/1.0.0
[DEBUG]  Detected android module: ti.identity 2.0.0 @ /Users/kyleborg/Library/Application Support/Titanium/modules/android/ti.identity/2.0.0
[DEBUG]  Detected android module: ti.map 2.1.3 @ /Users/kyleborg/Library/Application Support/Titanium/modules/android/ti.map/2.1.3
[DEBUG]  Detected android module: ti.map 2.1.4 @ /Users/kyleborg/Library/Application Support/Titanium/modules/android/ti.map/2.1.4
[DEBUG]  Detected android module: ti.map 2.2.2 @ /Users/kyleborg/Library/Application Support/Titanium/modules/android/ti.map/2.2.2
[DEBUG]  Detected android module: ti.map 2.2.3 @ /Users/kyleborg/Library/Application Support/Titanium/modules/android/ti.map/2.2.3
[DEBUG]  Detected android module: ti.map 2.3.0 @ /Users/kyleborg/Library/Application Support/Titanium/modules/android/ti.map/2.3.0
[DEBUG]  Detected android module: ti.map 2.3.1 @ /Users/kyleborg/Library/Application Support/Titanium/modules/android/ti.map/2.3.1
[DEBUG]  Detected android module: ti.map 2.3.10 @ /Users/kyleborg/Library/Application Support/Titanium/modules/android/ti.map/2.3.10
[DEBUG]  Detected android module: ti.map 2.3.3 @ /Users/kyleborg/Library/Application Support/Titanium/modules/android/ti.map/2.3.3
[DEBUG]  Detected android module: ti.map 2.3.6 @ /Users/kyleborg/Library/Application Support/Titanium/modules/android/ti.map/2.3.6
[DEBUG]  Detected android module: ti.map 3.0.1 @ /Users/kyleborg/Library/Application Support/Titanium/modules/android/ti.map/3.0.1
[DEBUG]  Detected android module: ti.map 3.3.0 @ /Users/kyleborg/Library/Application Support/Titanium/modules/android/ti.map/3.3.0
[DEBUG]  Detected android module: ti.map 3.3.1 @ /Users/kyleborg/Library/Application Support/Titanium/modules/android/ti.map/3.3.1
[DEBUG]  Detected android module: ti.map 4.0.0 @ /Users/kyleborg/Library/Application Support/Titanium/modules/android/ti.map/4.0.0
[DEBUG]  Detected android module: ti.playservices 11.0.40 @ /Users/kyleborg/Library/Application Support/Titanium/modules/android/ti.playservices/11.0.40
[DEBUG]  Detected android module: ti.touchid 1.0.0 @ /Users/kyleborg/Library/Application Support/Titanium/modules/android/ti.touchid/1.0.0
[DEBUG]  Detected android module: ti.touchid 2.0.1 @ /Users/kyleborg/Library/Application Support/Titanium/modules/android/ti.touchid/2.0.1
[DEBUG]  Detected android module: ti.touchid 2.1.0 @ /Users/kyleborg/Library/Application Support/Titanium/modules/android/ti.touchid/2.1.0
[DEBUG]  Detected android module: ti.touchid 2.2.0 @ /Users/kyleborg/Library/Application Support/Titanium/modules/android/ti.touchid/2.2.0
[DEBUG]  Detected android module: ti.touchid 3.0.0 @ /Users/kyleborg/Library/Application Support/Titanium/modules/android/ti.touchid/3.0.0
[DEBUG]  Detected commonjs module: ti.cloud 2.0.1 @ /Users/kyleborg/Library/Application Support/Titanium/modules/commonjs/ti.cloud/2.0.1
[DEBUG]  Detected commonjs module: ti.cloud 2.0.5 @ /Users/kyleborg/Library/Application Support/Titanium/modules/commonjs/ti.cloud/2.0.5
[DEBUG]  Detected commonjs module: ti.cloud 2.1.0 @ /Users/kyleborg/Library/Application Support/Titanium/modules/commonjs/ti.cloud/2.1.0
[DEBUG]  Detected commonjs module: ti.cloud 2.2.0 @ /Users/kyleborg/Library/Application Support/Titanium/modules/commonjs/ti.cloud/2.2.0
[DEBUG]  Detected commonjs module: ti.cloud 2.3.0 @ /Users/kyleborg/Library/Application Support/Titanium/modules/commonjs/ti.cloud/2.3.0
[DEBUG]  Detected commonjs module: ti.cloud 2.3.1 @ /Users/kyleborg/Library/Application Support/Titanium/modules/commonjs/ti.cloud/2.3.1
[DEBUG]  Detected commonjs module: ti.cloud 2.3.2 @ /Users/kyleborg/Library/Application Support/Titanium/modules/commonjs/ti.cloud/2.3.2
[DEBUG]  Detected commonjs module: ti.cloud 2.3.6 @ /Users/kyleborg/Library/Application Support/Titanium/modules/commonjs/ti.cloud/2.3.6
[DEBUG]  Detected commonjs module: ti.cloud 2.3.7 @ /Users/kyleborg/Library/Application Support/Titanium/modules/commonjs/ti.cloud/2.3.7
[DEBUG]  Detected commonjs module: ti.cloud 3.2.0 @ /Users/kyleborg/Library/Application Support/Titanium/modules/commonjs/ti.cloud/3.2.0
[DEBUG]  Detected commonjs module: ti.cloud 3.2.1 @ /Users/kyleborg/Library/Application Support/Titanium/modules/commonjs/ti.cloud/3.2.1
[DEBUG]  Detected commonjs module: ti.cloud 3.2.10 @ /Users/kyleborg/Library/Application Support/Titanium/modules/commonjs/ti.cloud/3.2.10
[DEBUG]  Detected commonjs module: ti.cloud 3.2.11 @ /Users/kyleborg/Library/Application Support/Titanium/modules/commonjs/ti.cloud/3.2.11
[DEBUG]  Detected commonjs module: ti.cloud 3.2.2 @ /Users/kyleborg/Library/Application Support/Titanium/modules/commonjs/ti.cloud/3.2.2
[DEBUG]  Detected commonjs module: ti.cloud 3.2.3 @ /Users/kyleborg/Library/Application Support/Titanium/modules/commonjs/ti.cloud/3.2.3
[DEBUG]  Detected commonjs module: ti.cloud 3.2.5 @ /Users/kyleborg/Library/Application Support/Titanium/modules/commonjs/ti.cloud/3.2.5
[DEBUG]  Detected commonjs module: ti.cloud 3.2.7 @ /Users/kyleborg/Library/Application Support/Titanium/modules/commonjs/ti.cloud/3.2.7
[DEBUG]  Detected commonjs module: ti.cloud 3.2.8 @ /Users/kyleborg/Library/Application Support/Titanium/modules/commonjs/ti.cloud/3.2.8
[DEBUG]  Detected commonjs module: ti.cloud 3.2.9 @ /Users/kyleborg/Library/Application Support/Titanium/modules/commonjs/ti.cloud/3.2.9
[DEBUG]  Detected iphone module: analytics.google 3.1.0 @ /Users/kyleborg/Library/Application Support/Titanium/modules/iphone/analytics.google/3.1.0
[DEBUG]  Detected iphone module: com.appcelerator.urlSession 1.0.1 @ /Users/kyleborg/Library/Application Support/Titanium/modules/iphone/com.appcelerator.urlSession/1.0.1
[DEBUG]  Detected iphone module: com.appcelerator.urlSession 1.1.0 @ /Users/kyleborg/Library/Application Support/Titanium/modules/iphone/com.appcelerator.urlSession/1.1.0
[DEBUG]  Detected iphone module: com.appcelerator.urlSession 1.1.1 @ /Users/kyleborg/Library/Application Support/Titanium/modules/iphone/com.appcelerator.urlSession/1.1.1
[DEBUG]  Detected iphone module: com.appcelerator.urlSession 2.0.0 @ /Users/kyleborg/Library/Application Support/Titanium/modules/iphone/com.appcelerator.urlSession/2.0.0
[DEBUG]  Detected iphone module: com.appcelerator.urlSession 2.1.0 @ /Users/kyleborg/Library/Application Support/Titanium/modules/iphone/com.appcelerator.urlSession/2.1.0
[DEBUG]  Detected iphone module: com.facebook 3.21.10 @ /Users/kyleborg/Library/Application Support/Titanium/modules/iphone/com.facebook/3.21.10
[DEBUG]  Detected iphone module: com.mirasense.scanditsdk 4.3.0 @ /Users/kyleborg/Library/Application Support/Titanium/modules/iphone/com.mirasense.scanditsdk/4.3.0
[DEBUG]  Detected iphone module: de.marcelpociot.imagefromgif 1.0 @ /Users/kyleborg/Library/Application Support/Titanium/modules/iphone/de.marcelpociot.imagefromgif/1.0
[DEBUG]  Detected iphone module: de.marcelpociot.imagefromgif 1.1.0 @ /Users/kyleborg/Library/Application Support/Titanium/modules/iphone/de.marcelpociot.imagefromgif/1.1.0
[DEBUG]  Detected iphone module: dk.napp.social 1.7.4 @ /Users/kyleborg/Library/Application Support/Titanium/modules/iphone/dk.napp.social/1.7.4
[DEBUG]  Detected iphone module: dk.napp.social 1.7.8 @ /Users/kyleborg/Library/Application Support/Titanium/modules/iphone/dk.napp.social/1.7.8
[DEBUG]  Detected iphone module: facebook 3.1.1 @ /Users/kyleborg/Library/Application Support/Titanium/modules/iphone/facebook/3.1.1
[DEBUG]  Detected iphone module: facebook 3.2.0 @ /Users/kyleborg/Library/Application Support/Titanium/modules/iphone/facebook/3.2.0
[DEBUG]  Detected iphone module: facebook 4.0.3 @ /Users/kyleborg/Library/Application Support/Titanium/modules/iphone/facebook/4.0.3
[DEBUG]  Detected iphone module: facebook 4.0.5 @ /Users/kyleborg/Library/Application Support/Titanium/modules/iphone/facebook/4.0.5
[DEBUG]  Detected iphone module: facebook 5.0.1 @ /Users/kyleborg/Library/Application Support/Titanium/modules/iphone/facebook/5.0.1
[DEBUG]  Detected iphone module: facebook 5.2.6 @ /Users/kyleborg/Library/Application Support/Titanium/modules/iphone/facebook/5.2.6
[DEBUG]  Detected iphone module: facebook 5.2.7 @ /Users/kyleborg/Library/Application Support/Titanium/modules/iphone/facebook/5.2.7
[DEBUG]  Detected iphone module: facebook 5.2.9 @ /Users/kyleborg/Library/Application Support/Titanium/modules/iphone/facebook/5.2.9
[DEBUG]  Detected iphone module: facebook 5.4.0 @ /Users/kyleborg/Library/Application Support/Titanium/modules/iphone/facebook/5.4.0
[DEBUG]  Detected iphone module: facebook 5.6.0 @ /Users/kyleborg/Library/Application Support/Titanium/modules/iphone/facebook/5.6.0
[DEBUG]  Detected iphone module: hyperloop 1.2.8 @ /Users/kyleborg/Library/Application Support/Titanium/modules/iphone/hyperloop/1.2.8
[DEBUG]  Detected iphone module: hyperloop 2.1.3 @ /Users/kyleborg/Library/Application Support/Titanium/modules/iphone/hyperloop/2.1.3
[DEBUG]  Detected iphone module: hyperloop 2.2.2 @ /Users/kyleborg/Library/Application Support/Titanium/modules/iphone/hyperloop/2.2.2
[DEBUG]  Detected iphone module: hyperloop 2.2.3 @ /Users/kyleborg/Library/Application Support/Titanium/modules/iphone/hyperloop/2.2.3
[DEBUG]  Detected iphone module: hyperloop 3.0.1 @ /Users/kyleborg/Library/Application Support/Titanium/modules/iphone/hyperloop/3.0.1
[DEBUG]  Detected iphone module: ti.admob 1.9.0 @ /Users/kyleborg/Library/Application Support/Titanium/modules/iphone/ti.admob/1.9.0
[DEBUG]  Detected iphone module: ti.amazon.s3 1.1.0 @ /Users/kyleborg/Library/Application Support/Titanium/modules/iphone/ti.amazon.s3/1.1.0
[DEBUG]  Detected iphone module: ti.coremotion 1.0.1 @ /Users/kyleborg/Library/Application Support/Titanium/modules/iphone/ti.coremotion/1.0.1
[DEBUG]  Detected iphone module: ti.coremotion 1.1.0 @ /Users/kyleborg/Library/Application Support/Titanium/modules/iphone/ti.coremotion/1.1.0
[DEBUG]  Detected iphone module: ti.coremotion 2.0.0 @ /Users/kyleborg/Library/Application Support/Titanium/modules/iphone/ti.coremotion/2.0.0
[DEBUG]  Detected iphone module: ti.coremotion 2.0.1 @ /Users/kyleborg/Library/Application Support/Titanium/modules/iphone/ti.coremotion/2.0.1
[DEBUG]  Detected iphone module: ti.googleanalytics 1.2 @ /Users/kyleborg/Library/Application Support/Titanium/modules/iphone/ti.googleanalytics/1.2
[DEBUG]  Detected iphone module: ti.googleanalytics 1.4 @ /Users/kyleborg/Library/Application Support/Titanium/modules/iphone/ti.googleanalytics/1.4
[DEBUG]  Detected iphone module: ti.identity 1.0.1 @ /Users/kyleborg/Library/Application Support/Titanium/modules/iphone/ti.identity/1.0.1
[DEBUG]  Detected iphone module: ti.inmobi 4.0.3 @ /Users/kyleborg/Library/Application Support/Titanium/modules/iphone/ti.inmobi/4.0.3
[DEBUG]  Detected iphone module: ti.map 2.0.3 @ /Users/kyleborg/Library/Application Support/Titanium/modules/iphone/ti.map/2.0.3
[DEBUG]  Detected iphone module: ti.map 2.0.4 @ /Users/kyleborg/Library/Application Support/Titanium/modules/iphone/ti.map/2.0.4
[DEBUG]  Detected iphone module: ti.map 2.12.1 @ /Users/kyleborg/Library/Application Support/Titanium/modules/iphone/ti.map/2.12.1
[DEBUG]  Detected iphone module: ti.map 2.12.3 @ /Users/kyleborg/Library/Application Support/Titanium/modules/iphone/ti.map/2.12.3
[DEBUG]  Detected iphone module: ti.map 2.2.0 @ /Users/kyleborg/Library/Application Support/Titanium/modules/iphone/ti.map/2.2.0
[DEBUG]  Detected iphone module: ti.map 2.2.2 @ /Users/kyleborg/Library/Application Support/Titanium/modules/iphone/ti.map/2.2.2
[DEBUG]  Detected iphone module: ti.map 2.3.1 @ /Users/kyleborg/Library/Application Support/Titanium/modules/iphone/ti.map/2.3.1
[DEBUG]  Detected iphone module: ti.map 2.3.3 @ /Users/kyleborg/Library/Application Support/Titanium/modules/iphone/ti.map/2.3.3
[DEBUG]  Detected iphone module: ti.map 2.4.1 @ /Users/kyleborg/Library/Application Support/Titanium/modules/iphone/ti.map/2.4.1
[DEBUG]  Detected iphone module: ti.map 2.5.2 @ /Users/kyleborg/Library/Application Support/Titanium/modules/iphone/ti.map/2.5.2
[DEBUG]  Detected iphone module: ti.map 2.7.1 @ /Users/kyleborg/Library/Application Support/Titanium/modules/iphone/ti.map/2.7.1
[DEBUG]  Detected iphone module: ti.map 2.8.0 @ /Users/kyleborg/Library/Application Support/Titanium/modules/iphone/ti.map/2.8.0
[DEBUG]  Detected iphone module: ti.map 2.9.0 @ /Users/kyleborg/Library/Application Support/Titanium/modules/iphone/ti.map/2.9.0
[DEBUG]  Detected iphone module: ti.map 3.0.1 @ /Users/kyleborg/Library/Application Support/Titanium/modules/iphone/ti.map/3.0.1
[DEBUG]  Detected iphone module: ti.safaridialog 1.0.5 @ /Users/kyleborg/Library/Application Support/Titanium/modules/iphone/ti.safaridialog/1.0.5
[DEBUG]  Detected iphone module: ti.safaridialog 1.1.1 @ /Users/kyleborg/Library/Application Support/Titanium/modules/iphone/ti.safaridialog/1.1.1
[DEBUG]  Detected iphone module: ti.touchid 1.0 @ /Users/kyleborg/Library/Application Support/Titanium/modules/iphone/ti.touchid/1.0
[DEBUG]  Detected iphone module: ti.touchid 1.1.0 @ /Users/kyleborg/Library/Application Support/Titanium/modules/iphone/ti.touchid/1.1.0
[DEBUG]  Detected iphone module: ti.touchid 1.2.0 @ /Users/kyleborg/Library/Application Support/Titanium/modules/iphone/ti.touchid/1.2.0
[DEBUG]  Detected iphone module: ti.touchid 1.2.2 @ /Users/kyleborg/Library/Application Support/Titanium/modules/iphone/ti.touchid/1.2.2
[DEBUG]  Detected iphone module: ti.touchid 2.1.2 @ /Users/kyleborg/Library/Application Support/Titanium/modules/iphone/ti.touchid/2.1.2
[DEBUG]  Detected iphone module: ti.touchid 2.1.4 @ /Users/kyleborg/Library/Application Support/Titanium/modules/iphone/ti.touchid/2.1.4
[DEBUG]  Detected tizen module: tizen 3.0.0 @ /Users/kyleborg/Library/Application Support/Titanium/modules/tizen/tizen/3.0.0
[DEBUG]  Detected windows module: hyperloop 2.1.3 @ /Users/kyleborg/Library/Application Support/Titanium/modules/windows/hyperloop/2.1.3
[DEBUG]  Detected windows module: hyperloop 2.2.2 @ /Users/kyleborg/Library/Application Support/Titanium/modules/windows/hyperloop/2.2.2
[DEBUG]  Detected windows module: hyperloop 2.2.3 @ /Users/kyleborg/Library/Application Support/Titanium/modules/windows/hyperloop/2.2.3
[DEBUG]  Detected windows module: hyperloop 3.0.1 @ /Users/kyleborg/Library/Application Support/Titanium/modules/windows/hyperloop/3.0.1
[DEBUG]  Looking for Titanium module id=ti.ga version=latest platform=android deploy-type=development
[INFO]   Found Titanium module id=ti.ga version=3.0.7 platform=android deploy-type=development path=/Users/kyleborg/Library/Application Support/Titanium/modules/android/ti.ga/3.0.7
[DEBUG]  No project level plugins to load
[TRACE]  Snapshotting build directory
[DEBUG]  Titanium SDK Android directory: /Users/kyleborg/Library/Application Support/Titanium/mobilesdk/osx/6.3.0.GA/android
[INFO]   Deploy type: development
[INFO]   Building for target: emulator
[INFO]   Building for emulator: Nexus_5X_API_24_86_64_7.0
[INFO]   Targeting Android SDK API: 25
[INFO]   Building for the following architectures: armeabi-v7a, x86
[INFO]   Signing with keystore: /Users/kyleborg/Library/Application Support/Titanium/mobilesdk/osx/6.3.0.GA/android/dev_keystore (tidev)
[DEBUG]  App ID: com.biggytv.btvMain
[DEBUG]  Classname: Biggytv
[INFO]   Debugging disabled
[INFO]   Profiler disabled
[INFO]   Forcing rebuild: tiapp.xml navbar-hidden changed since last build
[INFO]     Was: false
[INFO]     Now: undefined
[TRACE]  No .aar files to transform
[INFO]   Launching emulator: Nexus_5X_API_24_86_64_7.0
[TRACE]  Starting emulator: Nexus_5X_API_24_86_64_7.0
[TRACE]  Checking if emulator Nexus_5X_API_24_86_64_7.0 is running...
[TRACE]  Detecting if Nexus_5X_API_24_86_64_7.0 exists...
[TRACE]  Found 4 emulators
[TRACE]  Emulator exists, detecting all running emulators and connected devices...
[TRACE]  Detected 0 running emulators and connected devices
[TRACE]  Emulator not running, detecting emulator info
[TRACE]  Found 4 emulators
[TRACE]  Starting the emulator...
[TRACE]  Scanning ports to find a port for the emulator to listening on
[TRACE]  Emulator will listen on port 5556
[INFO]   Running: /Users/kyleborg/Library/Android/sdk/tools/emulator "-avd" "Nexus_5X_API_24_86_64_7.0" "-port" "5556" "-partition-size" "512" "-sdcard" "/Users/kyleborg/.android/avd/Nexus_5X_API_24_86_64_7.0.avd/sdcard.img"
[TRACE]  Emulator is starting, monitoring boot state...
[TRACE]  Checking the boot state for the next 240000 ms
[TRACE]  Waiting for emulator to register with ADB
[TRACE]  Emulator process started
[TRACE]  offline build file /var/folders/b_/q7kqhlxc8xjd4c001s7hm98h0000gp/T/build-24e783e53b5a2bf740e6d552ed49e0f9fc49b722.json
[TRACE]  online 1
[TRACE]  optimizing build, last build was 11654.241 sec ago
[DEBUG]  Copying /Users/kyleborg/Documents/BiggyTV/Development/GitHub/Titanium_4/BTV-Android-2018/Resources
[DEBUG]  Ignoring /Users/kyleborg/Documents/BiggyTV/Development/GitHub/Titanium_4/BTV-Android-2018/Resources/android
[WARN]   Overwriting file /Users/kyleborg/Documents/BiggyTV/Development/GitHub/Titanium_4/BTV-Android-2018/build/android/bin/assets/Resources/appImages/BTV Logo Square-Play-Promo.png
[DEBUG]  Symlinking /Users/kyleborg/Documents/BiggyTV/Development/GitHub/Titanium_4/BTV-Android-2018/Resources/appImages/BTV Logo Square-Play-Promo.png => /Users/kyleborg/Documents/BiggyTV/Development/GitHub/Titanium_4/BTV-Android-2018/build/android/bin/assets/Resources/appImages/BTV Logo Square-Play-Promo.png
[WARN]   Overwriting file /Users/kyleborg/Documents/BiggyTV/Development/GitHub/Titanium_4/BTV-Android-2018/build/android/bin/assets/Resources/appImages/BTV Logo Square_512.png
[DEBUG]  Symlinking /Users/kyleborg/Documents/BiggyTV/Development/GitHub/Titanium_4/BTV-Android-2018/Resources/appImages/BTV Logo Square_512.png => /Users/kyleborg/Documents/BiggyTV/Development/GitHub/Titanium_4/BTV-Android-2018/build/android/bin/assets/Resources/appImages/BTV Logo Square_512.png
[WARN]   Overwriting file /Users/kyleborg/Documents/BiggyTV/Development/GitHub/Titanium_4/BTV-Android-2018/build/android/bin/assets/Resources/appImages/BTV-CrowdPowered_GooglePlay.jpg
[DEBUG]  Symlinking /Users/kyleborg/Documents/BiggyTV/Development/GitHub/Titanium_4/BTV-Android-2018/Resources/appImages/BTV-CrowdPowered_GooglePlay.jpg => /Users/kyleborg/Documents/BiggyTV/Development/GitHub/Titanium_4/BTV-Android-2018/build/android/bin/assets/Resources/appImages/BTV-CrowdPowered_GooglePlay.jpg
[WARN]   Overwriting file /Users/kyleborg/Documents/BiggyTV/Development/GitHub/Titanium_4/BTV-Android-2018/build/android/bin/assets/Resources/appImages/BTV_Loading_Indicator_01_150.gif
[DEBUG]  Symlinking /Users/kyleborg/Documents/BiggyTV/Development/GitHub/Titanium_4/BTV-Android-2018/Resources/appImages/BTV_Loading_Indicator_01_150.gif => /Users/kyleborg/Documents/BiggyTV/Development/GitHub/Titanium_4/BTV-Android-2018/build/android/bin/assets/Resources/appImages/BTV_Loading_Indicator_01_150.gif
[WARN]   Overwriting file /Users/kyleborg/Documents/BiggyTV/Development/GitHub/Titanium_4/BTV-Android-2018/build/android/bin/assets/Resources/appImages/BTV_Loading_Indicator_01_30.gif
[DEBUG]  Symlinking /Users/kyleborg/Documents/BiggyTV/Development/GitHub/Titanium_4/BTV-Android-2018/Resources/appImages/BTV_Loading_Indicator_01_30.gif => /Users/kyleborg/Documents/BiggyTV/Development/GitHub/Titanium_4/BTV-Android-2018/build/android/bin/assets/Resources/appImages/BTV_Loading_Indicator_01_30.gif
[WARN]   Overwriting file /Users/kyleborg/Documents/BiggyTV/Development/GitHub/Titanium_4/BTV-Android-2018/build/android/bin/assets/Resources/appImages/BTV_Logo.png
[DEBUG]  Symlinking /Users/kyleborg/Documents/BiggyTV/Development/GitHub/Titanium_4/BTV-Android-2018/Resources/appImages/BTV_Logo.png => /Users/kyleborg/Documents/BiggyTV/Development/GitHub/Titanium_4/BTV-Android-2018/build/android/bin/assets/Resources/appImages/BTV_Logo.png
[WARN]   Overwriting file /Users/kyleborg/Documents/BiggyTV/Development/GitHub/Titanium_4/BTV-Android-2018/build/android/bin/assets/Resources/appImages/BTV_Logo_Square_512.png
[DEBUG]  Symlinking /Users/kyleborg/Documents/BiggyTV/Development/GitHub/Titanium_4/BTV-Android-2018/Resources/appImages/BTV_Logo_Square_512.png => /Users/kyleborg/Documents/BiggyTV/Development/GitHub/Titanium_4/BTV-Android-2018/build/android/bin/assets/Resources/appImages/BTV_Logo_Square_512.png
[WARN]   Overwriting file /Users/kyleborg/Documents/BiggyTV/Development/GitHub/Titanium_4/BTV-Android-2018/build/android/bin/assets/Resources/appImages/BTV_animated-app-tags-black-640.gif
[DEBUG]  Symlinking /Users/kyleborg/Documents/BiggyTV/Development/GitHub/Titanium_4/BTV-Android-2018/Resources/appImages/BTV_animated-app-tags-black-640.gif => /Users/kyleborg/Documents/BiggyTV/Development/GitHub/Titanium_4/BTV-Android-2018/build/android/bin/assets/Resources/appImages/BTV_animated-app-tags-black-640.gif
[WARN]   Overwriting file /Users/kyleborg/Documents/BiggyTV/Development/GitHub/Titanium_4/BTV-Android-2018/build/android/bin/assets/Resources/appImages/BTV_animated-web-tags.gif
[DEBUG]  Symlinking /Users/kyleborg/Documents/BiggyTV/Development/GitHub/Titanium_4/BTV-Android-2018/Resources/appImages/BTV_animated-web-tags.gif => /Users/kyleborg/Documents/BiggyTV/Development/GitHub/Titanium_4/BTV-Android-2018/build/android/bin/assets/Resources/appImages/BTV_animated-web-tags.gif
[WARN]   Overwriting file /Users/kyleborg/Documents/BiggyTV/Development/GitHub/Titanium_4/BTV-Android-2018/build/android/bin/assets/Resources/appImages/Cancel_Button.png
[DEBUG]  Symlinking /Users/kyleborg/Documents/BiggyTV/Development/GitHub/Titanium_4/BTV-Android-2018/Resources/appImages/Cancel_Button.png => /Users/kyleborg/Documents/BiggyTV/Development/GitHub/Titanium_4/BTV-Android-2018/build/android/bin/assets/Resources/appImages/Cancel_Button.png
[WARN]   Overwriting file /Users/kyleborg/Documents/BiggyTV/Development/GitHub/Titanium_4/BTV-Android-2018/build/android/bin/assets/Resources/appImages/Create_Account_Button.png
[DEBUG]  Symlinking /Users/kyleborg/Documents/BiggyTV/Development/GitHub/Titanium_4/BTV-Android-2018/Resources/appImages/Create_Account_Button.png => /Users/kyleborg/Documents/BiggyTV/Development/GitHub/Titanium_4/BTV-Android-2018/build/android/bin/assets/Resources/appImages/Create_Account_Button.png
[WARN]   Overwriting file /Users/kyleborg/Documents/BiggyTV/Development/GitHub/Titanium_4/BTV-Android-2018/build/android/bin/assets/Resources/appImages/Login.png
[DEBUG]  Symlinking /Users/kyleborg/Documents/BiggyTV/Development/GitHub/Titanium_4/BTV-Android-2018/Resources/appImages/Login.png => /Users/kyleborg/Documents/BiggyTV/Development/GitHub/Titanium_4/BTV-Android-2018/build/android/bin/assets/Resources/appImages/Login.png
[WARN]   Overwriting file /Users/kyleborg/Documents/BiggyTV/Development/GitHub/Titanium_4/BTV-Android-2018/build/android/bin/assets/Resources/appImages/Login_Button.png
[DEBUG]  Symlinking /Users/kyleborg/Documents/BiggyTV/Development/GitHub/Titanium_4/BTV-Android-2018/Resources/appImages/Login_Button.png => /Users/kyleborg/Documents/BiggyTV/Development/GitHub/Titanium_4/BTV-Android-2018/build/android/bin/assets/Resources/appImages/Login_Button.png
[WARN]   Overwriting file /Users/kyleborg/Documents/BiggyTV/Development/GitHub/Titanium_4/BTV-Android-2018/build/android/bin/assets/Resources/appImages/Login_With_User_Name_Button.png
[DEBUG]  Symlinking /Users/kyleborg/Documents/BiggyTV/Development/GitHub/Titanium_4/BTV-Android-2018/Resources/appImages/Login_With_User_Name_Button.png => /Users/kyleborg/Documents/BiggyTV/Development/GitHub/Titanium_4/BTV-Android-2018/build/android/bin/assets/Resources/appImages/Login_With_User_Name_Button.png
[WARN]   Overwriting file /Users/kyleborg/Documents/BiggyTV/Development/GitHub/Titanium_4/BTV-Android-2018/build/android/bin/assets/Resources/appImages/arrow-up.png
[DEBUG]  Symlinking /Users/kyleborg/Documents/BiggyTV/Development/GitHub/Titanium_4/BTV-Android-2018/Resources/appImages/arrow-up.png => /Users/kyleborg/Documents/BiggyTV/Development/GitHub/Titanium_4/BTV-Android-2018/build/android/bin/assets/Resources/appImages/arrow-up.png
[WARN]   Overwriting file /Users/kyleborg/Documents/BiggyTV/Development/GitHub/Titanium_4/BTV-Android-2018/build/android/bin/assets/Resources/appImages/backButton.jpg
[DEBUG]  Symlinking /Users/kyleborg/Documents/BiggyTV/Development/GitHub/Titanium_4/BTV-Android-2018/Resources/appImages/backButton.jpg => /Users/kyleborg/Documents/BiggyTV/Development/GitHub/Titanium_4/BTV-Android-2018/build/android/bin/assets/Resources/appImages/backButton.jpg
[WARN]   Overwriting file /Users/kyleborg/Documents/BiggyTV/Development/GitHub/Titanium_4/BTV-Android-2018/build/android/bin/assets/Resources/appImages/backicon.png
[DEBUG]  Symlinking /Users/kyleborg/Documents/BiggyTV/Development/GitHub/Titanium_4/BTV-Android-2018/Resources/appImages/backicon.png => /Users/kyleborg/Documents/BiggyTV/Development/GitHub/Titanium_4/BTV-Android-2018/build/android/bin/assets/Resources/appImages/backicon.png
[WARN]   Overwriting file /Users/kyleborg/Documents/BiggyTV/Development/GitHub/Titanium_4/BTV-Android-2018/build/android/bin/assets/Resources/appImages/bookmark_icon_70.png
[DEBUG]  Symlinking /Users/kyleborg/Documents/BiggyTV/Development/GitHub/Titanium_4/BTV-Android-2018/Resources/appImages/bookmark_icon_70.png => /Users/kyleborg/Documents/BiggyTV/Development/GitHub/Titanium_4/BTV-Android-2018/build/android/bin/assets/Resources/appImages/bookmark_icon_70.png
[WARN]   Overwriting file /Users/kyleborg/Documents/BiggyTV/Development/GitHub/Titanium_4/BTV-Android-2018/build/android/bin/assets/Resources/appImages/bookmark_icon_round_100.png
[DEBUG]  Symlinking /Users/kyleborg/Documents/BiggyTV/Development/GitHub/Titanium_4/BTV-Android-2018/Resources/appImages/bookmark_icon_round_100.png => /Users/kyleborg/Documents/BiggyTV/Development/GitHub/Titanium_4/BTV-Android-2018/build/android/bin/assets/Resources/appImages/bookmark_icon_round_100.png
[WARN]   Overwriting file /Users/kyleborg/Documents/BiggyTV/Development/GitHub/Titanium_4/BTV-Android-2018/build/android/bin/assets/Resources/appImages/btv-logo-rectangle.png
[DEBUG]  Symlinking /Users/kyleborg/Documents/BiggyTV/Development/GitHub/Titanium_4/BTV-Android-2018/Resources/appImages/btv-logo-rectangle.png => /Users/kyleborg/Documents/BiggyTV/Development/GitHub/Titanium_4/BTV-Android-2018/build/android/bin/assets/Resources/appImages/btv-logo-rectangle.png
[WARN]   Overwriting file /Users/kyleborg/Documents/BiggyTV/Development/GitHub/Titanium_4/BTV-Android-2018/build/android/bin/assets/Resources/appImages/bubble.png
[DEBUG]  Symlinking /Users/kyleborg/Documents/BiggyTV/Development/GitHub/Titanium_4/BTV-Android-2018/Resources/appImages/bubble.png => /Users/kyleborg/Documents/BiggyTV/Development/GitHub/Titanium_4/BTV-Android-2018/build/android/bin/assets/Resources/appImages/bubble.png
[WARN]   Overwriting file /Users/kyleborg/Documents/BiggyTV/Development/GitHub/Titanium_4/BTV-Android-2018/build/android/bin/assets/Resources/appImages/bubble@2x.png
[DEBUG]  Symlinking /Users/kyleborg/Documents/BiggyTV/Development/GitHub/Titanium_4/BTV-Android-2018/Resources/appImages/bubble@2x.png => /Users/kyleborg/Documents/BiggyTV/Development/GitHub/Titanium_4/BTV-Android-2018/build/android/bin/assets/Resources/appImages/bubble@2x.png
[WARN]   Overwriting file /Users/kyleborg/Documents/BiggyTV/Development/GitHub/Titanium_4/BTV-Android-2018/build/android/bin/assets/Resources/appImages/buy_it_now_green_100.png
[DEBUG]  Symlinking /Users/kyleborg/Documents/BiggyTV/Development/GitHub/Titanium_4/BTV-Android-2018/Resources/appImages/buy_it_now_green_100.png => /Users/kyleborg/Documents/BiggyTV/Development/GitHub/Titanium_4/BTV-Android-2018/build/android/bin/assets/Resources/appImages/buy_it_now_green_100.png
[WARN]   Overwriting file /Users/kyleborg/Documents/BiggyTV/Development/GitHub/Titanium_4/BTV-Android-2018/build/android/bin/assets/Resources/appImages/emailLoginButton.png
[DEBUG]  Symlinking /Users/kyleborg/Documents/BiggyTV/Development/GitHub/Titanium_4/BTV-Android-2018/Resources/appImages/emailLoginButton.png => /Users/kyleborg/Documents/BiggyTV/Development/GitHub/Titanium_4/BTV-Android-2018/build/android/bin/assets/Resources/appImages/emailLoginButton.png
[WARN]   Overwriting file /Users/kyleborg/Documents/BiggyTV/Development/GitHub/Titanium_4/BTV-Android-2018/build/android/bin/assets/Resources/appImages/etsy_icon_round_100.png
[DEBUG]  Symlinking /Users/kyleborg/Documents/BiggyTV/Development/GitHub/Titanium_4/BTV-Android-2018/Resources/appImages/etsy_icon_round_100.png => /Users/kyleborg/Documents/BiggyTV/Development/GitHub/Titanium_4/BTV-Android-2018/build/android/bin/assets/Resources/appImages/etsy_icon_round_100.png
[WARN]   Overwriting file /Users/kyleborg/Documents/BiggyTV/Development/GitHub/Titanium_4/BTV-Android-2018/build/android/bin/assets/Resources/appImages/facebook.png
[DEBUG]  Symlinking /Users/kyleborg/Documents/BiggyTV/Development/GitHub/Titanium_4/BTV-Android-2018/Resources/appImages/facebook.png => /Users/kyleborg/Documents/BiggyTV/Development/GitHub/Titanium_4/BTV-Android-2018/build/android/bin/assets/Resources/appImages/facebook.png
[WARN]   Overwriting file /Users/kyleborg/Documents/BiggyTV/Development/GitHub/Titanium_4/BTV-Android-2018/build/android/bin/assets/Resources/appImages/facebook_icon_round_100.png
[DEBUG]  Symlinking /Users/kyleborg/Documents/BiggyTV/Development/GitHub/Titanium_4/BTV-Android-2018/Resources/appImages/facebook_icon_round_100.png => /Users/kyleborg/Documents/BiggyTV/Development/GitHub/Titanium_4/BTV-Android-2018/build/android/bin/assets/Resources/appImages/facebook_icon_round_100.png
[WARN]   Overwriting file /Users/kyleborg/Documents/BiggyTV/Development/GitHub/Titanium_4/BTV-Android-2018/build/android/bin/assets/Resources/appImages/google+icon_round_100.png
[DEBUG]  Symlinking /Users/kyleborg/Documents/BiggyTV/Development/GitHub/Titanium_4/BTV-Android-2018/Resources/appImages/google+icon_round_100.png => /Users/kyleborg/Documents/BiggyTV/Development/GitHub/Titanium_4/BTV-Android-2018/build/android/bin/assets/Resources/appImages/google+icon_round_100.png
[WARN]   Overwriting file /Users/kyleborg/Documents/BiggyTV/Development/GitHub/Titanium_4/BTV-Android-2018/build/android/bin/assets/Resources/appImages/info_black.png
[DEBUG]  Symlinking /Users/kyleborg/Documents/BiggyTV/Development/GitHub/Titanium_4/BTV-Android-2018/Resources/appImages/info_black.png => /Users/kyleborg/Documents/BiggyTV/Development/GitHub/Titanium_4/BTV-Android-2018/build/android/bin/assets/Resources/appImages/info_black.png
[WARN]   Overwriting file /Users/kyleborg/Documents/BiggyTV/Development/GitHub/Titanium_4/BTV-Android-2018/build/android/bin/assets/Resources/appImages/instagram_icon_round_100.png
[DEBUG]  Symlinking /Users/kyleborg/Documents/BiggyTV/Development/GitHub/Titanium_4/BTV-Android-2018/Resources/appImages/instagram_icon_round_100.png => /Users/kyleborg/Documents/BiggyTV/Development/GitHub/Titanium_4/BTV-Android-2018/build/android/bin/assets/Resources/appImages/instagram_icon_round_100.png
[WARN]   Overwriting file /Users/kyleborg/Documents/BiggyTV/Development/GitHub/Titanium_4/BTV-Android-2018/build/android/bin/assets/Resources/appImages/linkedin_icon_round_100.png
[DEBUG]  Symlinking /Users/kyleborg/Documents/BiggyTV/Development/GitHub/Titanium_4/BTV-Android-2018/Resources/appImages/linkedin_icon_round_100.png => /Users/kyleborg/Documents/BiggyTV/Development/GitHub/Titanium_4/BTV-Android-2018/build/android/bin/assets/Resources/appImages/linkedin_icon_round_100.png
[WARN]   Overwriting file /Users/kyleborg/Documents/BiggyTV/Development/GitHub/Titanium_4/BTV-Android-2018/build/android/bin/assets/Resources/appImages/register.png
[DEBUG]  Symlinking /Users/kyleborg/Documents/BiggyTV/Development/GitHub/Titanium_4/BTV-Android-2018/Resources/appImages/register.png => /Users/kyleborg/Documents/BiggyTV/Development/GitHub/Titanium_4/BTV-Android-2018/build/android/bin/assets/Resources/appImages/register.png
[WARN]   Overwriting file /Users/kyleborg/Documents/BiggyTV/Development/GitHub/Titanium_4/BTV-Android-2018/build/android/bin/assets/Resources/appImages/track-complete.png
[DEBUG]  Symlinking /Users/kyleborg/Documents/BiggyTV/Development/GitHub/Titanium_4/BTV-Android-2018/Resources/appImages/track-complete.png => /Users/kyleborg/Documents/BiggyTV/Development/GitHub/Titanium_4/BTV-Android-2018/build/android/bin/assets/Resources/appImages/track-complete.png
[WARN]   Overwriting file /Users/kyleborg/Documents/BiggyTV/Development/GitHub/Titanium_4/BTV-Android-2018/build/android/bin/assets/Resources/appImages/track-complete@2x.png
[DEBUG]  Symlinking /Users/kyleborg/Documents/BiggyTV/Development/GitHub/Titanium_4/BTV-Android-2018/Resources/appImages/track-complete@2x.png => /Users/kyleborg/Documents/BiggyTV/Development/GitHub/Titanium_4/BTV-Android-2018/build/android/bin/assets/Resources/appImages/track-complete@2x.png
[WARN]   Overwriting file /Users/kyleborg/Documents/BiggyTV/Development/GitHub/Titanium_4/BTV-Android-2018/build/android/bin/assets/Resources/appImages/tumblr_icon_round_100.png
[DEBUG]  Symlinking /Users/kyleborg/Documents/BiggyTV/Development/GitHub/Titanium_4/BTV-Android-2018/Resources/appImages/tumblr_icon_round_100.png => /Users/kyleborg/Documents/BiggyTV/Development/GitHub/Titanium_4/BTV-Android-2018/build/android/bin/assets/Resources/appImages/tumblr_icon_round_100.png
[WARN]   Overwriting file /Users/kyleborg/Documents/BiggyTV/Development/GitHub/Titanium_4/BTV-Android-2018/build/android/bin/assets/Resources/appImages/twitter_icon_round_100.png
[DEBUG]  Symlinking /Users/kyleborg/Documents/BiggyTV/Development/GitHub/Titanium_4/BTV-Android-2018/Resources/appImages/twitter_icon_round_100.png => /Users/kyleborg/Documents/BiggyTV/Development/GitHub/Titanium_4/BTV-Android-2018/build/android/bin/assets/Resources/appImages/twitter_icon_round_100.png
[WARN]   Overwriting file /Users/kyleborg/Documents/BiggyTV/Development/GitHub/Titanium_4/BTV-Android-2018/build/android/bin/assets/Resources/appImages/vine_icon_round_100.png
[DEBUG]  Symlinking /Users/kyleborg/Documents/BiggyTV/Development/GitHub/Titanium_4/BTV-Android-2018/Resources/appImages/vine_icon_round_100.png => /Users/kyleborg/Documents/BiggyTV/Development/GitHub/Titanium_4/BTV-Android-2018/build/android/bin/assets/Resources/appImages/vine_icon_round_100.png
[WARN]   Overwriting file /Users/kyleborg/Documents/BiggyTV/Development/GitHub/Titanium_4/BTV-Android-2018/build/android/bin/assets/Resources/appImages/watch_now_icon_blue_100.png
[DEBUG]  Symlinking /Users/kyleborg/Documents/BiggyTV/Development/GitHub/Titanium_4/BTV-Android-2018/Resources/appImages/watch_now_icon_blue_100.png => /Users/kyleborg/Documents/BiggyTV/Development/GitHub/Titanium_4/BTV-Android-2018/build/android/bin/assets/Resources/appImages/watch_now_icon_blue_100.png
[WARN]   Overwriting file /Users/kyleborg/Documents/BiggyTV/Development/GitHub/Titanium_4/BTV-Android-2018/build/android/bin/assets/Resources/appImages/www_icon_round_100.png
[DEBUG]  Symlinking /Users/kyleborg/Documents/BiggyTV/Development/GitHub/Titanium_4/BTV-Android-2018/Resources/appImages/www_icon_round_100.png => /Users/kyleborg/Documents/BiggyTV/Development/GitHub/Titanium_4/BTV-Android-2018/build/android/bin/assets/Resources/appImages/www_icon_round_100.png
[WARN]   Overwriting file /Users/kyleborg/Documents/BiggyTV/Development/GitHub/Titanium_4/BTV-Android-2018/build/android/bin/assets/Resources/appImages/youtube_icon_round_100.png
[DEBUG]  Symlinking /Users/kyleborg/Documents/BiggyTV/Development/GitHub/Titanium_4/BTV-Android-2018/Resources/appImages/youtube_icon_round_100.png => /Users/kyleborg/Documents/BiggyTV/Development/GitHub/Titanium_4/BTV-Android-2018/build/android/bin/assets/Resources/appImages/youtube_icon_round_100.png
[WARN]   Overwriting file /Users/kyleborg/Documents/BiggyTV/Development/GitHub/Titanium_4/BTV-Android-2018/build/android/bin/assets/Resources/assets/images/tab1.png
[DEBUG]  Symlinking /Users/kyleborg/Documents/BiggyTV/Development/GitHub/Titanium_4/BTV-Android-2018/Resources/assets/images/tab1.png => /Users/kyleborg/Documents/BiggyTV/Development/GitHub/Titanium_4/BTV-Android-2018/build/android/bin/assets/Resources/assets/images/tab1.png
[WARN]   Overwriting file /Users/kyleborg/Documents/BiggyTV/Development/GitHub/Titanium_4/BTV-Android-2018/build/android/bin/assets/Resources/assets/images/tab1@2x.png
[DEBUG]  Symlinking /Users/kyleborg/Documents/BiggyTV/Development/GitHub/Titanium_4/BTV-Android-2018/Resources/assets/images/tab1@2x.png => /Users/kyleborg/Documents/BiggyTV/Development/GitHub/Titanium_4/BTV-Android-2018/build/android/bin/assets/Resources/assets/images/tab1@2x.png
[WARN]   Overwriting file /Users/kyleborg/Documents/BiggyTV/Development/GitHub/Titanium_4/BTV-Android-2018/build/android/bin/assets/Resources/assets/images/tab1@3x.png
[DEBUG]  Symlinking /Users/kyleborg/Documents/BiggyTV/Development/GitHub/Titanium_4/BTV-Android-2018/Resources/assets/images/tab1@3x.png => /Users/kyleborg/Documents/BiggyTV/Development/GitHub/Titanium_4/BTV-Android-2018/build/android/bin/assets/Resources/assets/images/tab1@3x.png
[WARN]   Overwriting file /Users/kyleborg/Documents/BiggyTV/Development/GitHub/Titanium_4/BTV-Android-2018/build/android/bin/assets/Resources/assets/images/tab2.png
[DEBUG]  Symlinking /Users/kyleborg/Documents/BiggyTV/Development/GitHub/Titanium_4/BTV-Android-2018/Resources/assets/images/tab2.png => /Users/kyleborg/Documents/BiggyTV/Development/GitHub/Titanium_4/BTV-Android-2018/build/android/bin/assets/Resources/assets/images/tab2.png
[WARN]   Overwriting file /Users/kyleborg/Documents/BiggyTV/Development/GitHub/Titanium_4/BTV-Android-2018/build/android/bin/assets/Resources/assets/images/tab2@2x.png
[DEBUG]  Symlinking /Users/kyleborg/Documents/BiggyTV/Development/GitHub/Titanium_4/BTV-Android-2018/Resources/assets/images/tab2@2x.png => /Users/kyleborg/Documents/BiggyTV/Development/GitHub/Titanium_4/BTV-Android-2018/build/android/bin/assets/Resources/assets/images/tab2@2x.png
[WARN]   Overwriting file /Users/kyleborg/Documents/BiggyTV/Development/GitHub/Titanium_4/BTV-Android-2018/build/android/bin/assets/Resources/assets/images/tab2@3x.png
[DEBUG]  Symlinking /Users/kyleborg/Documents/BiggyTV/Development/GitHub/Titanium_4/BTV-Android-2018/Resources/assets/images/tab2@3x.png => /Users/kyleborg/Documents/BiggyTV/Development/GitHub/Titanium_4/BTV-Android-2018/build/android/bin/assets/Resources/assets/images/tab2@3x.png
[WARN]   Overwriting file /Users/kyleborg/Documents/BiggyTV/Development/GitHub/Titanium_4/BTV-Android-2018/build/android/bin/assets/Resources/fonts/Montserrat-Bold.ttf
[DEBUG]  Symlinking /Users/kyleborg/Documents/BiggyTV/Development/GitHub/Titanium_4/BTV-Android-2018/Resources/fonts/Montserrat-Bold.ttf => /Users/kyleborg/Documents/BiggyTV/Development/GitHub/Titanium_4/BTV-Android-2018/build/android/bin/assets/Resources/fonts/Montserrat-Bold.ttf
[WARN]   Overwriting file /Users/kyleborg/Documents/BiggyTV/Development/GitHub/Titanium_4/BTV-Android-2018/build/android/bin/assets/Resources/fonts/Montserrat-Regular.ttf
[DEBUG]  Symlinking /Users/kyleborg/Documents/BiggyTV/Development/GitHub/Titanium_4/BTV-Android-2018/Resources/fonts/Montserrat-Regular.ttf => /Users/kyleborg/Documents/BiggyTV/Development/GitHub/Titanium_4/BTV-Android-2018/build/android/bin/assets/Resources/fonts/Montserrat-Regular.ttf
[WARN]   Overwriting file /Users/kyleborg/Documents/BiggyTV/Development/GitHub/Titanium_4/BTV-Android-2018/build/android/bin/assets/Resources/images/BTV_BiggyIsBetter_320.png
[DEBUG]  Symlinking /Users/kyleborg/Documents/BiggyTV/Development/GitHub/Titanium_4/BTV-Android-2018/Resources/images/BTV_BiggyIsBetter_320.png => /Users/kyleborg/Documents/BiggyTV/Development/GitHub/Titanium_4/BTV-Android-2018/build/android/bin/assets/Resources/images/BTV_BiggyIsBetter_320.png
[WARN]   Overwriting file /Users/kyleborg/Documents/BiggyTV/Development/GitHub/Titanium_4/BTV-Android-2018/build/android/bin/assets/Resources/images/BTV_Logo_Round_Black.jpeg
[DEBUG]  Symlinking /Users/kyleborg/Documents/BiggyTV/Development/GitHub/Titanium_4/BTV-Android-2018/Resources/images/BTV_Logo_Round_Black.jpeg => /Users/kyleborg/Documents/BiggyTV/Development/GitHub/Titanium_4/BTV-Android-2018/build/android/bin/assets/Resources/images/BTV_Logo_Round_Black.jpeg
[WARN]   Overwriting file /Users/kyleborg/Documents/BiggyTV/Development/GitHub/Titanium_4/BTV-Android-2018/build/android/bin/assets/Resources/images/BTV_Logo_Round_Black.png
[DEBUG]  Symlinking /Users/kyleborg/Documents/BiggyTV/Development/GitHub/Titanium_4/BTV-Android-2018/Resources/images/BTV_Logo_Round_Black.png => /Users/kyleborg/Documents/BiggyTV/Development/GitHub/Titanium_4/BTV-Android-2018/build/android/bin/assets/Resources/images/BTV_Logo_Round_Black.png
[WARN]   Overwriting file /Users/kyleborg/Documents/BiggyTV/Development/GitHub/Titanium_4/BTV-Android-2018/build/android/bin/assets/Resources/images/Fullscreen-icon-125.png
[DEBUG]  Symlinking /Users/kyleborg/Documents/BiggyTV/Development/GitHub/Titanium_4/BTV-Android-2018/Resources/images/Fullscreen-icon-125.png => /Users/kyleborg/Documents/BiggyTV/Development/GitHub/Titanium_4/BTV-Android-2018/build/android/bin/assets/Resources/images/Fullscreen-icon-125.png
[WARN]   Overwriting file /Users/kyleborg/Documents/BiggyTV/Development/GitHub/Titanium_4/BTV-Android-2018/build/android/bin/assets/Resources/images/TagLines_iPad.png
[DEBUG]  Symlinking /Users/kyleborg/Documents/BiggyTV/Development/GitHub/Titanium_4/BTV-Android-2018/Resources/images/TagLines_iPad.png => /Users/kyleborg/Documents/BiggyTV/Development/GitHub/Titanium_4/BTV-Android-2018/build/android/bin/assets/Resources/images/TagLines_iPad.png
[WARN]   Overwriting file /Users/kyleborg/Documents/BiggyTV/Development/GitHub/Titanium_4/BTV-Android-2018/build/android/bin/assets/Resources/images/btv-logo-rectangle.png
[DEBUG]  Symlinking /Users/kyleborg/Documents/BiggyTV/Development/GitHub/Titanium_4/BTV-Android-2018/Resources/images/btv-logo-rectangle.png => /Users/kyleborg/Documents/BiggyTV/Development/GitHub/Titanium_4/BTV-Android-2018/build/android/bin/assets/Resources/images/btv-logo-rectangle.png
[WARN]   Overwriting file /Users/kyleborg/Documents/BiggyTV/Development/GitHub/Titanium_4/BTV-Android-2018/build/android/bin/assets/Resources/images/btvMainDefault.png
[DEBUG]  Symlinking /Users/kyleborg/Documents/BiggyTV/Development/GitHub/Titanium_4/BTV-Android-2018/Resources/images/btvMainDefault.png => /Users/kyleborg/Documents/BiggyTV/Development/GitHub/Titanium_4/BTV-Android-2018/build/android/bin/assets/Resources/images/btvMainDefault.png
[WARN]   Overwriting file /Users/kyleborg/Documents/BiggyTV/Development/GitHub/Titanium_4/BTV-Android-2018/build/android/bin/assets/Resources/images/btvMain_Default.png
[DEBUG]  Symlinking /Users/kyleborg/Documents/BiggyTV/Development/GitHub/Titanium_4/BTV-Android-2018/Resources/images/btvMain_Default.png => /Users/kyleborg/Documents/BiggyTV/Development/GitHub/Titanium_4/BTV-Android-2018/build/android/bin/assets/Resources/images/btvMain_Default.png
[WARN]   Overwriting file /Users/kyleborg/Documents/BiggyTV/Development/GitHub/Titanium_4/BTV-Android-2018/build/android/bin/assets/Resources/images/btvMain_Logo.png
[DEBUG]  Symlinking /Users/kyleborg/Documents/BiggyTV/Development/GitHub/Titanium_4/BTV-Android-2018/Resources/images/btvMain_Logo.png => /Users/kyleborg/Documents/BiggyTV/Development/GitHub/Titanium_4/BTV-Android-2018/build/android/bin/assets/Resources/images/btvMain_Logo.png
[WARN]   Overwriting file /Users/kyleborg/Documents/BiggyTV/Development/GitHub/Titanium_4/BTV-Android-2018/build/android/bin/assets/Resources/images/btvMain_colorbar320.png
[DEBUG]  Symlinking /Users/kyleborg/Documents/BiggyTV/Development/GitHub/Titanium_4/BTV-Android-2018/Resources/images/btvMain_colorbar320.png => /Users/kyleborg/Documents/BiggyTV/Development/GitHub/Titanium_4/BTV-Android-2018/build/android/bin/assets/Resources/images/btvMain_colorbar320.png
[WARN]   Overwriting file /Users/kyleborg/Documents/BiggyTV/Development/GitHub/Titanium_4/BTV-Android-2018/build/android/bin/assets/Resources/images/btvofftheair.mp4
[DEBUG]  Symlinking /Users/kyleborg/Documents/BiggyTV/Development/GitHub/Titanium_4/BTV-Android-2018/Resources/images/btvofftheair.mp4 => /Users/kyleborg/Documents/BiggyTV/Development/GitHub/Titanium_4/BTV-Android-2018/build/android/bin/assets/Resources/images/btvofftheair.mp4
[WARN]   Overwriting file /Users/kyleborg/Documents/BiggyTV/Development/GitHub/Titanium_4/BTV-Android-2018/build/android/bin/assets/Resources/images/entertainmentTab.png
[DEBUG]  Symlinking /Users/kyleborg/Documents/BiggyTV/Development/GitHub/Titanium_4/BTV-Android-2018/Resources/images/entertainmentTab.png => /Users/kyleborg/Documents/BiggyTV/Development/GitHub/Titanium_4/BTV-Android-2018/build/android/bin/assets/Resources/images/entertainmentTab.png
[WARN]   Overwriting file /Users/kyleborg/Documents/BiggyTV/Development/GitHub/Titanium_4/BTV-Android-2018/build/android/bin/assets/Resources/images/entertainmentTab@2x.png
[DEBUG]  Symlinking /Users/kyleborg/Documents/BiggyTV/Development/GitHub/Titanium_4/BTV-Android-2018/Resources/images/entertainmentTab@2x.png => /Users/kyleborg/Documents/BiggyTV/Development/GitHub/Titanium_4/BTV-Android-2018/build/android/bin/assets/Resources/images/entertainmentTab@2x.png
[WARN]   Overwriting file /Users/kyleborg/Documents/BiggyTV/Development/GitHub/Titanium_4/BTV-Android-2018/build/android/bin/assets/Resources/images/exit-button-125.png
[DEBUG]  Symlinking /Users/kyleborg/Documents/BiggyTV/Development/GitHub/Titanium_4/BTV-Android-2018/Resources/images/exit-button-125.png => /Users/kyleborg/Documents/BiggyTV/Development/GitHub/Titanium_4/BTV-Android-2018/build/android/bin/assets/Resources/images/exit-button-125.png
[WARN]   Overwriting file /Users/kyleborg/Documents/BiggyTV/Development/GitHub/Titanium_4/BTV-Android-2018/build/android/bin/assets/Resources/images/infoTab.png
[DEBUG]  Symlinking /Users/kyleborg/Documents/BiggyTV/Development/GitHub/Titanium_4/BTV-Android-2018/Resources/images/infoTab.png => /Users/kyleborg/Documents/BiggyTV/Development/GitHub/Titanium_4/BTV-Android-2018/build/android/bin/assets/Resources/images/infoTab.png
[WARN]   Overwriting file /Users/kyleborg/Documents/BiggyTV/Development/GitHub/Titanium_4/BTV-Android-2018/build/android/bin/assets/Resources/images/infoTab@2x.png
[DEBUG]  Symlinking /Users/kyleborg/Documents/BiggyTV/Development/GitHub/Titanium_4/BTV-Android-2018/Resources/images/infoTab@2x.png => /Users/kyleborg/Documents/BiggyTV/Development/GitHub/Titanium_4/BTV-Android-2018/build/android/bin/assets/Resources/images/infoTab@2x.png
[WARN]   Overwriting file /Users/kyleborg/Documents/BiggyTV/Development/GitHub/Titanium_4/BTV-Android-2018/build/android/bin/assets/Resources/images/info_40.png
[DEBUG]  Symlinking /Users/kyleborg/Documents/BiggyTV/Development/GitHub/Titanium_4/BTV-Android-2018/Resources/images/info_40.png => /Users/kyleborg/Documents/BiggyTV/Development/GitHub/Titanium_4/BTV-Android-2018/build/android/bin/assets/Resources/images/info_40.png
[DEBUG]  Copying /Users/kyleborg/Documents/BiggyTV/Development/GitHub/Titanium_4/BTV-Android-2018/Resources/android
[WARN]   Overwriting file /Users/kyleborg/Documents/BiggyTV/Development/GitHub/Titanium_4/BTV-Android-2018/build/android/bin/assets/Resources/appicon.png
[DEBUG]  Symlinking /Users/kyleborg/Documents/BiggyTV/Development/GitHub/Titanium_4/BTV-Android-2018/Resources/android/appicon.png => /Users/kyleborg/Documents/BiggyTV/Development/GitHub/Titanium_4/BTV-Android-2018/build/android/bin/assets/Resources/appicon.png
[DEBUG]  Symlinking /Users/kyleborg/Documents/BiggyTV/Development/GitHub/Titanium_4/BTV-Android-2018/Resources/android/default.png => /Users/kyleborg/Documents/BiggyTV/Development/GitHub/Titanium_4/BTV-Android-2018/build/android/res/drawable/background.png
[DEBUG]  Symlinking /Users/kyleborg/Documents/BiggyTV/Development/GitHub/Titanium_4/BTV-Android-2018/Resources/android/images/res-long-land-hdpi/default.png => /Users/kyleborg/Documents/BiggyTV/Development/GitHub/Titanium_4/BTV-Android-2018/build/android/res/drawable-long-land-hdpi/background.png
[DEBUG]  Symlinking /Users/kyleborg/Documents/BiggyTV/Development/GitHub/Titanium_4/BTV-Android-2018/Resources/android/images/res-long-land-ldpi/default.png => /Users/kyleborg/Documents/BiggyTV/Development/GitHub/Titanium_4/BTV-Android-2018/build/android/res/drawable-long-land-ldpi/background.png
[DEBUG]  Symlinking /Users/kyleborg/Documents/BiggyTV/Development/GitHub/Titanium_4/BTV-Android-2018/Resources/android/images/res-long-port-hdpi/default.png => /Users/kyleborg/Documents/BiggyTV/Development/GitHub/Titanium_4/BTV-Android-2018/build/android/res/drawable-long-port-hdpi/background.png
[DEBUG]  Symlinking /Users/kyleborg/Documents/BiggyTV/Development/GitHub/Titanium_4/BTV-Android-2018/Resources/android/images/res-long-port-ldpi/default.png => /Users/kyleborg/Documents/BiggyTV/Development/GitHub/Titanium_4/BTV-Android-2018/build/android/res/drawable-long-port-ldpi/background.png
[DEBUG]  Symlinking /Users/kyleborg/Documents/BiggyTV/Development/GitHub/Titanium_4/BTV-Android-2018/Resources/android/images/res-notlong-land-hdpi/default.png => /Users/kyleborg/Documents/BiggyTV/Development/GitHub/Titanium_4/BTV-Android-2018/build/android/res/drawable-notlong-land-hdpi/background.png
[DEBUG]  Symlinking /Users/kyleborg/Documents/BiggyTV/Development/GitHub/Titanium_4/BTV-Android-2018/Resources/android/images/res-notlong-land-ldpi/default.png => /Users/kyleborg/Documents/BiggyTV/Development/GitHub/Titanium_4/BTV-Android-2018/build/android/res/drawable-notlong-land-ldpi/background.png
[DEBUG]  Symlinking /Users/kyleborg/Documents/BiggyTV/Development/GitHub/Titanium_4/BTV-Android-2018/Resources/android/images/res-notlong-land-mdpi/default.png => /Users/kyleborg/Documents/BiggyTV/Development/GitHub/Titanium_4/BTV-Android-2018/build/android/res/drawable-notlong-land-mdpi/background.png
[DEBUG]  Symlinking /Users/kyleborg/Documents/BiggyTV/Development/GitHub/Titanium_4/BTV-Android-2018/Resources/android/images/res-notlong-port-hdpi/default.png => /Users/kyleborg/Documents/BiggyTV/Development/GitHub/Titanium_4/BTV-Android-2018/build/android/res/drawable-notlong-port-hdpi/background.png
[DEBUG]  Symlinking /Users/kyleborg/Documents/BiggyTV/Development/GitHub/Titanium_4/BTV-Android-2018/Resources/android/images/res-notlong-port-ldpi/default.png => /Users/kyleborg/Documents/BiggyTV/Development/GitHub/Titanium_4/BTV-Android-2018/build/android/res/drawable-notlong-port-ldpi/background.png
[DEBUG]  Symlinking /Users/kyleborg/Documents/BiggyTV/Development/GitHub/Titanium_4/BTV-Android-2018/Resources/android/images/res-notlong-port-mdpi/default.png => /Users/kyleborg/Documents/BiggyTV/Development/GitHub/Titanium_4/BTV-Android-2018/build/android/res/drawable-notlong-port-mdpi/background.png
[DEBUG]  Symlinking /Users/kyleborg/Documents/BiggyTV/Development/GitHub/Titanium_4/BTV-Android-2018/build/android/bin/assets/Resources/appicon.png => /Users/kyleborg/Documents/BiggyTV/Development/GitHub/Titanium_4/BTV-Android-2018/build/android/res/drawable/appicon.png
[INFO]   Processing JavaScript files
[WARN]   Overwriting file /Users/kyleborg/Documents/BiggyTV/Development/GitHub/Titanium_4/BTV-Android-2018/build/android/bin/assets/Resources/.liveviewapp.js
[DEBUG]  Symlinking /Users/kyleborg/Documents/BiggyTV/Development/GitHub/Titanium_4/BTV-Android-2018/Resources/.liveviewapp.js => /Users/kyleborg/Documents/BiggyTV/Development/GitHub/Titanium_4/BTV-Android-2018/build/android/bin/assets/Resources/.liveviewapp.js
[WARN]   Overwriting file /Users/kyleborg/Documents/BiggyTV/Development/GitHub/Titanium_4/BTV-Android-2018/build/android/bin/assets/Resources/ApplicationTabGroup.js
[DEBUG]  Symlinking /Users/kyleborg/Documents/BiggyTV/Development/GitHub/Titanium_4/BTV-Android-2018/Resources/ApplicationTabGroup.js => /Users/kyleborg/Documents/BiggyTV/Development/GitHub/Titanium_4/BTV-Android-2018/build/android/bin/assets/Resources/ApplicationTabGroup.js
[WARN]   Overwriting file /Users/kyleborg/Documents/BiggyTV/Development/GitHub/Titanium_4/BTV-Android-2018/build/android/bin/assets/Resources/app.js
[DEBUG]  Symlinking /var/folders/b_/q7kqhlxc8xjd4c001s7hm98h0000gp/T/liveview.js => /Users/kyleborg/Documents/BiggyTV/Development/GitHub/Titanium_4/BTV-Android-2018/build/android/bin/assets/Resources/app.js
[WARN]   Overwriting file /Users/kyleborg/Documents/BiggyTV/Development/GitHub/Titanium_4/BTV-Android-2018/build/android/bin/assets/Resources/main_windows/btvPlayerhome.js
[DEBUG]  Symlinking /Users/kyleborg/Documents/BiggyTV/Development/GitHub/Titanium_4/BTV-Android-2018/Resources/main_windows/btvPlayerhome.js => /Users/kyleborg/Documents/BiggyTV/Development/GitHub/Titanium_4/BTV-Android-2018/build/android/bin/assets/Resources/main_windows/btvPlayerhome.js
[WARN]   Overwriting file /Users/kyleborg/Documents/BiggyTV/Development/GitHub/Titanium_4/BTV-Android-2018/build/android/bin/assets/Resources/main_windows/fblogin.js
[DEBUG]  Symlinking /Users/kyleborg/Documents/BiggyTV/Development/GitHub/Titanium_4/BTV-Android-2018/Resources/main_windows/fblogin.js => /Users/kyleborg/Documents/BiggyTV/Development/GitHub/Titanium_4/BTV-Android-2018/build/android/bin/assets/Resources/main_windows/fblogin.js
[WARN]   Overwriting file /Users/kyleborg/Documents/BiggyTV/Development/GitHub/Titanium_4/BTV-Android-2018/build/android/bin/assets/Resources/main_windows/login.js
[DEBUG]  Symlinking /Users/kyleborg/Documents/BiggyTV/Development/GitHub/Titanium_4/BTV-Android-2018/Resources/main_windows/login.js => /Users/kyleborg/Documents/BiggyTV/Development/GitHub/Titanium_4/BTV-Android-2018/build/android/bin/assets/Resources/main_windows/login.js
[WARN]   Overwriting file /Users/kyleborg/Documents/BiggyTV/Development/GitHub/Titanium_4/BTV-Android-2018/build/android/bin/assets/Resources/main_windows/strip_tags.js
[DEBUG]  Symlinking /Users/kyleborg/Documents/BiggyTV/Development/GitHub/Titanium_4/BTV-Android-2018/Resources/main_windows/strip_tags.js => /Users/kyleborg/Documents/BiggyTV/Development/GitHub/Titanium_4/BTV-Android-2018/build/android/bin/assets/Resources/main_windows/strip_tags.js
[WARN]   Overwriting file /Users/kyleborg/Documents/BiggyTV/Development/GitHub/Titanium_4/BTV-Android-2018/build/android/bin/assets/Resources/main_windows/version.js
[DEBUG]  Symlinking /Users/kyleborg/Documents/BiggyTV/Development/GitHub/Titanium_4/BTV-Android-2018/Resources/main_windows/version.js => /Users/kyleborg/Documents/BiggyTV/Development/GitHub/Titanium_4/BTV-Android-2018/build/android/bin/assets/Resources/main_windows/version.js
[DEBUG]  Adding library /Users/kyleborg/Library/Application Support/Titanium/mobilesdk/osx/6.3.0.GA/android/kroll-v8.jar
[DEBUG]  Adding library /Users/kyleborg/Library/Application Support/Titanium/mobilesdk/osx/6.3.0.GA/android/modules/titanium-analytics.jar
[DEBUG]  Adding dependency library /Users/kyleborg/Library/Application Support/Titanium/mobilesdk/osx/6.3.0.GA/android/aps-analytics.jar
[DEBUG]  Adding library /Users/kyleborg/Library/Application Support/Titanium/mobilesdk/osx/6.3.0.GA/android/modules/titanium-android.jar
[DEBUG]  Adding dependency library /Users/kyleborg/Library/Application Support/Titanium/mobilesdk/osx/6.3.0.GA/android/jaxen-1.1.1.jar
[DEBUG]  Adding dependency library /Users/kyleborg/Library/Application Support/Titanium/mobilesdk/osx/6.3.0.GA/android/ti-commons-codec-1.3.jar
[DEBUG]  Adding dependency library /Users/kyleborg/Library/Application Support/Titanium/mobilesdk/osx/6.3.0.GA/android/kroll-common.jar
[DEBUG]  Adding dependency library /Users/kyleborg/Library/Application Support/Titanium/mobilesdk/osx/6.3.0.GA/android/titanium.jar
[DEBUG]  Adding dependency library /Users/kyleborg/Library/Application Support/Titanium/mobilesdk/osx/6.3.0.GA/android/android-support-multidex.jar
[DEBUG]  Adding library /Users/kyleborg/Library/Application Support/Titanium/mobilesdk/osx/6.3.0.GA/android/modules/titanium-filesystem.jar
[DEBUG]  Adding library /Users/kyleborg/Library/Application Support/Titanium/mobilesdk/osx/6.3.0.GA/android/modules/titanium-app.jar
[DEBUG]  Adding library /Users/kyleborg/Library/Application Support/Titanium/mobilesdk/osx/6.3.0.GA/android/modules/titanium-ui.jar
[DEBUG]  Adding dependency library /Users/kyleborg/Library/Application Support/Titanium/mobilesdk/osx/6.3.0.GA/android/nineoldandroids-appc-2.4.0.jar
[DEBUG]  Adding library /Users/kyleborg/Library/Application Support/Titanium/mobilesdk/osx/6.3.0.GA/android/modules/titanium-media.jar
[DEBUG]  Adding library /Users/kyleborg/Library/Application Support/Titanium/mobilesdk/osx/6.3.0.GA/android/modules/titanium-appcompat.jar
[DEBUG]  Adding dependency library /Users/kyleborg/Library/Application Support/Titanium/mobilesdk/osx/6.3.0.GA/android/android-support-v4.jar
[DEBUG]  Adding dependency library /Users/kyleborg/Library/Application Support/Titanium/mobilesdk/osx/6.3.0.GA/android/android-support-v7-appcompat.jar
[DEBUG]  Adding dependency library /Users/kyleborg/Library/Application Support/Titanium/mobilesdk/osx/6.3.0.GA/android/android-support-animated-vector-drawable.jar
[DEBUG]  Adding dependency library /Users/kyleborg/Library/Application Support/Titanium/mobilesdk/osx/6.3.0.GA/android/android-support-annotations.jar
[DEBUG]  Adding dependency library /Users/kyleborg/Library/Application Support/Titanium/mobilesdk/osx/6.3.0.GA/android/android-support-core-ui.jar
[DEBUG]  Adding dependency library /Users/kyleborg/Library/Application Support/Titanium/mobilesdk/osx/6.3.0.GA/android/android-support-core-utils.jar
[DEBUG]  Adding dependency library /Users/kyleborg/Library/Application Support/Titanium/mobilesdk/osx/6.3.0.GA/android/android-support-fragment.jar
[DEBUG]  Adding dependency library /Users/kyleborg/Library/Application Support/Titanium/mobilesdk/osx/6.3.0.GA/android/android-support-media-compat.jar
[DEBUG]  Adding dependency library /Users/kyleborg/Library/Application Support/Titanium/mobilesdk/osx/6.3.0.GA/android/android-support-vector-drawable.jar
[DEBUG]  Adding dependency library /Users/kyleborg/Library/Application Support/Titanium/mobilesdk/osx/6.3.0.GA/android/android-support-transition.jar
[DEBUG]  Adding dependency library /Users/kyleborg/Library/Application Support/Titanium/mobilesdk/osx/6.3.0.GA/android/android-support-v7-recyclerview.jar
[DEBUG]  Adding library /Users/kyleborg/Library/Application Support/Titanium/mobilesdk/osx/6.3.0.GA/android/modules/titanium-cardview.jar
[DEBUG]  Adding dependency library /Users/kyleborg/Library/Application Support/Titanium/mobilesdk/osx/6.3.0.GA/android/android-support-v7-cardview.jar
[DEBUG]  Adding library /Users/kyleborg/Library/Application Support/Titanium/mobilesdk/osx/6.3.0.GA/android/modules/titanium-design.jar
[DEBUG]  Adding dependency library /Users/kyleborg/Library/Application Support/Titanium/mobilesdk/osx/6.3.0.GA/android/android-support-design.jar
[DEBUG]  Adding library /Users/kyleborg/Library/Application Support/Titanium/mobilesdk/osx/6.3.0.GA/android/modules/titanium-compat.jar
[DEBUG]  Adding dependency library /Users/kyleborg/Library/Application Support/Titanium/mobilesdk/osx/6.3.0.GA/android/android-support-compat.jar
[DEBUG]  Adding library /Users/kyleborg/Library/Application Support/Titanium/mobilesdk/osx/6.3.0.GA/android/modules/titanium-locale.jar
[DEBUG]  Adding library /Users/kyleborg/Library/Application Support/Titanium/mobilesdk/osx/6.3.0.GA/android/modules/titanium-network.jar
[DEBUG]  Adding library /Users/kyleborg/Library/Application Support/Titanium/mobilesdk/osx/6.3.0.GA/android/modules/titanium-xml.jar
[DEBUG]  Adding library /Users/kyleborg/Library/Application Support/Titanium/mobilesdk/osx/6.3.0.GA/android/modules/titanium-map.jar
[DEBUG]  Adding library /Users/kyleborg/Library/Application Support/Titanium/mobilesdk/osx/6.3.0.GA/android/modules/titanium-calendar.jar
[DEBUG]  Adding library /Users/kyleborg/Library/Application Support/Titanium/mobilesdk/osx/6.3.0.GA/android/modules/titanium-geolocation.jar
[DEBUG]  Adding library /Users/kyleborg/Library/Application Support/Titanium/mobilesdk/osx/6.3.0.GA/android/modules/titanium-database.jar
[DEBUG]  Adding library /Users/kyleborg/Library/Application Support/Titanium/mobilesdk/osx/6.3.0.GA/android/modules/titanium-platform.jar
[DEBUG]  Adding library /Users/kyleborg/Library/Application Support/Titanium/mobilesdk/osx/6.3.0.GA/android/modules/titanium-accelerometer.jar
[DEBUG]  Adding library /Users/kyleborg/Library/Application Support/Titanium/mobilesdk/osx/6.3.0.GA/android/modules/titanium-gesture.jar
[DEBUG]  Adding library /Users/kyleborg/Library/Application Support/Titanium/mobilesdk/osx/6.3.0.GA/android/modules/titanium-contacts.jar
[DEBUG]  Adding library /Users/kyleborg/Library/Application Support/Titanium/mobilesdk/osx/6.3.0.GA/android/modules/titanium-utils.jar
[DEBUG]  Unknown namespace platform.displaycaps, skipping
[DEBUG]  Unknown namespace api, skipping
[DEBUG]  Unknown namespace stream, skipping
[DEBUG]  Unknown namespace platform.version, skipping
[INFO]   Writing /Users/kyleborg/Documents/BiggyTV/Development/GitHub/Titanium_4/BTV-Android-2018/build/android/bin/assets/app.json
[INFO]   Extracting module resources: /Users/kyleborg/Library/Application Support/Titanium/mobilesdk/osx/6.3.0.GA/android/modules/titanium-analytics.res.zip
[DEBUG]  Copying /var/folders/b_/q7kqhlxc8xjd4c001s7hm98h0000gp/T/118011-18733-wwkt79.09zvf/res/values/strings.xml => /Users/kyleborg/Documents/BiggyTV/Development/GitHub/Titanium_4/BTV-Android-2018/build/android/res/values/values.xml
[INFO]   Extracting module resources: /Users/kyleborg/Library/Application Support/Titanium/mobilesdk/osx/6.3.0.GA/android/modules/titanium-android.res.zip
[DEBUG]  Merging /var/folders/b_/q7kqhlxc8xjd4c001s7hm98h0000gp/T/118011-18733-6khf8e.b3pyp/res/values/strings.xml => /Users/kyleborg/Documents/BiggyTV/Development/GitHub/Titanium_4/BTV-Android-2018/build/android/res/values/values.xml
[INFO]   Extracting module resources: /Users/kyleborg/Library/Application Support/Titanium/mobilesdk/osx/6.3.0.GA/android/modules/titanium-filesystem.res.zip
[DEBUG]  Merging /var/folders/b_/q7kqhlxc8xjd4c001s7hm98h0000gp/T/118011-18733-ip348r.t5fut/res/values/strings.xml => /Users/kyleborg/Documents/BiggyTV/Development/GitHub/Titanium_4/BTV-Android-2018/build/android/res/values/values.xml
[INFO]   Extracting module resources: /Users/kyleborg/Library/Application Support/Titanium/mobilesdk/osx/6.3.0.GA/android/modules/titanium-app.res.zip
[DEBUG]  Merging /var/folders/b_/q7kqhlxc8xjd4c001s7hm98h0000gp/T/118011-18733-1w3id5j.id6o/res/values/strings.xml => /Users/kyleborg/Documents/BiggyTV/Development/GitHub/Titanium_4/BTV-Android-2018/build/android/res/values/values.xml
[INFO]   Extracting module resources: /Users/kyleborg/Library/Application Support/Titanium/mobilesdk/osx/6.3.0.GA/android/modules/titanium-ui.res.zip